::1 - - [29/Apr/2021:04:07:10 +0000] "GET /api/v1/categories/ HTTP/1.1" 200 4468 "-" "Mozilla/5.0 (Windows NT 10.0; Win64; x64) AppleWebKit/537.36 (KHTML, like Gecko) Chrome/90.0.4430.93 Safari/537.36"
::1 - - [29/Apr/2021:04:09:12 +0000] "GET /api/v1/categories/5 HTTP/1.1" 200 90 "-" "Mozilla/5.0 (Windows NT 10.0; Win64; x64) AppleWebKit/537.36 (KHTML, like Gecko) Chrome/90.0.4430.93 Safari/537.36"
::1 - - [29/Apr/2021:04:09:15 +0000] "GET /api/v1/categories/6 HTTP/1.1" 200 86 "-" "Mozilla/5.0 (Windows NT 10.0; Win64; x64) AppleWebKit/537.36 (KHTML, like Gecko) Chrome/90.0.4430.93 Safari/537.36"
::1 - - [29/Apr/2021:04:09:18 +0000] "GET /api/v1/categories/0 HTTP/1.1" 200 26 "-" "Mozilla/5.0 (Windows NT 10.0; Win64; x64) AppleWebKit/537.36 (KHTML, like Gecko) Chrome/90.0.4430.93 Safari/537.36"
::1 - - [29/Apr/2021:04:09:20 +0000] "GET /api/v1/categories/1 HTTP/1.1" 200 92 "-" "Mozilla/5.0 (Windows NT 10.0; Win64; x64) AppleWebKit/537.36 (KHTML, like Gecko) Chrome/90.0.4430.93 Safari/537.36"
::1 - - [29/Apr/2021:04:13:21 +0000] "POST /api/v1/categories/basic/ HTTP/1.1" 200 68 "-" "Mozilla/5.0 (Windows NT 10.0; Win64; x64) AppleWebKit/537.36 (KHTML, like Gecko) Chrome/90.0.4430.93 Safari/537.36"
::1 - - [29/Apr/2021:04:23:04 +0000] "GET /api/v1/categories/ HTTP/1.1" 200 16 "-" "Mozilla/5.0 (Windows NT 10.0; Win64; x64) AppleWebKit/537.36 (KHTML, like Gecko) Chrome/90.0.4430.93 Safari/537.36"
::1 - - [29/Apr/2021:04:23:32 +0000] "GET /api/v1/categories/ HTTP/1.1" 200 4468 "-" "Mozilla/5.0 (Windows NT 10.0; Win64; x64) AppleWebKit/537.36 (KHTML, like Gecko) Chrome/90.0.4430.93 Safari/537.36"
::1 - - [29/Apr/2021:04:23:45 +0000] "POST /api/v1/categories/basic/ HTTP/1.1" 200 88 "-" "Mozilla/5.0 (Windows NT 10.0; Win64; x64) AppleWebKit/537.36 (KHTML, like Gecko) Chrome/90.0.4430.93 Safari/537.36"
::1 - - [29/Apr/2021:04:23:49 +0000] "GET /api/v1/categories/ HTTP/1.1" 200 4535 "-" "Mozilla/5.0 (Windows NT 10.0; Win64; x64) AppleWebKit/537.36 (KHTML, like Gecko) Chrome/90.0.4430.93 Safari/537.36"
::1 - - [29/Apr/2021:04:23:58 +0000] "POST /api/v1/categories/basic/ HTTP/1.1" 200 88 "-" "Mozilla/5.0 (Windows NT 10.0; Win64; x64) AppleWebKit/537.36 (KHTML, like Gecko) Chrome/90.0.4430.93 Safari/537.36"
::1 - - [29/Apr/2021:04:23:59 +0000] "GET /api/v1/categories/ HTTP/1.1" 200 4604 "-" "Mozilla/5.0 (Windows NT 10.0; Win64; x64) AppleWebKit/537.36 (KHTML, like Gecko) Chrome/90.0.4430.93 Safari/537.36"
::1 - - [29/Apr/2021:04:24:06 +0000] "POST /api/v1/categories/basic/ HTTP/1.1" 200 88 "-" "Mozilla/5.0 (Windows NT 10.0; Win64; x64) AppleWebKit/537.36 (KHTML, like Gecko) Chrome/90.0.4430.93 Safari/537.36"
::1 - - [29/Apr/2021:04:24:08 +0000] "GET /api/v1/categories/ HTTP/1.1" 200 4675 "-" "Mozilla/5.0 (Windows NT 10.0; Win64; x64) AppleWebKit/537.36 (KHTML, like Gecko) Chrome/90.0.4430.93 Safari/537.36"
::1 - - [29/Apr/2021:04:30:30 +0000] "GET /api/v1/categories/ HTTP/1.1" 200 16 "-" "Mozilla/5.0 (Windows NT 10.0; Win64; x64) AppleWebKit/537.36 (KHTML, like Gecko) Chrome/90.0.4430.93 Safari/537.36"
::1 - - [29/Apr/2021:04:30:40 +0000] "GET /api/v1/categories/ HTTP/1.1" 200 4853 "-" "Mozilla/5.0 (Windows NT 10.0; Win64; x64) AppleWebKit/537.36 (KHTML, like Gecko) Chrome/90.0.4430.93 Safari/537.36"
::1 - - [29/Apr/2021:04:31:49 +0000] "PUT /api/v1/categories/15 HTTP/1.1" 200 83 "-" "Mozilla/5.0 (Windows NT 10.0; Win64; x64) AppleWebKit/537.36 (KHTML, like Gecko) Chrome/90.0.4430.93 Safari/537.36"
::1 - - [29/Apr/2021:04:31:53 +0000] "PUT /api/v1/categories/16 HTTP/1.1" 200 83 "-" "Mozilla/5.0 (Windows NT 10.0; Win64; x64) AppleWebKit/537.36 (KHTML, like Gecko) Chrome/90.0.4430.93 Safari/537.36"
::1 - - [29/Apr/2021:04:32:30 +0000] "PUT /api/v1/categories/16 HTTP/1.1" 200 72 "-" "Mozilla/5.0 (Windows NT 10.0; Win64; x64) AppleWebKit/537.36 (KHTML, like Gecko) Chrome/90.0.4430.93 Safari/537.36"
::1 - - [29/Apr/2021:04:32:53 +0000] "PUT /api/v1/categories/16 HTTP/1.1" 200 28 "-" "Mozilla/5.0 (Windows NT 10.0; Win64; x64) AppleWebKit/537.36 (KHTML, like Gecko) Chrome/90.0.4430.93 Safari/537.36"
::1 - - [29/Apr/2021:04:32:55 +0000] "PUT /api/v1/categories/15 HTTP/1.1" 200 28 "-" "Mozilla/5.0 (Windows NT 10.0; Win64; x64) AppleWebKit/537.36 (KHTML, like Gecko) Chrome/90.0.4430.93 Safari/537.36"
::1 - - [29/Apr/2021:04:33:51 +0000] "PUT /api/v1/categories/15 HTTP/1.1" 200 96 "-" "Mozilla/5.0 (Windows NT 10.0; Win64; x64) AppleWebKit/537.36 (KHTML, like Gecko) Chrome/90.0.4430.93 Safari/537.36"
::1 - - [29/Apr/2021:04:33:54 +0000] "GET /api/v1/categories/ HTTP/1.1" 200 4858 "-" "Mozilla/5.0 (Windows NT 10.0; Win64; x64) AppleWebKit/537.36 (KHTML, like Gecko) Chrome/90.0.4430.93 Safari/537.36"
::1 - - [29/Apr/2021:04:34:01 +0000] "PUT /api/v1/categories/15 HTTP/1.1" 200 96 "-" "Mozilla/5.0 (Windows NT 10.0; Win64; x64) AppleWebKit/537.36 (KHTML, like Gecko) Chrome/90.0.4430.93 Safari/537.36"
::1 - - [29/Apr/2021:04:34:05 +0000] "GET /api/v1/categories/ HTTP/1.1" 200 4853 "-" "Mozilla/5.0 (Windows NT 10.0; Win64; x64) AppleWebKit/537.36 (KHTML, like Gecko) Chrome/90.0.4430.93 Safari/537.36"
::1 - - [29/Apr/2021:04:38:50 +0000] "GET /api/v1/categories/basic/1 HTTP/1.1" 500 49 "-" "Mozilla/5.0 (Windows NT 10.0; Win64; x64) AppleWebKit/537.36 (KHTML, like Gecko) Chrome/90.0.4430.93 Safari/537.36"
::1 - - [29/Apr/2021:04:39:01 +0000] "GET /api/v1/categories/basic/1 HTTP/1.1" 200 1599 "-" "Mozilla/5.0 (Windows NT 10.0; Win64; x64) AppleWebKit/537.36 (KHTML, like Gecko) Chrome/90.0.4430.93 Safari/537.36"
::1 - - [29/Apr/2021:04:39:06 +0000] "GET /api/v1/categories/basic/5 HTTP/1.1" 200 2325 "-" "Mozilla/5.0 (Windows NT 10.0; Win64; x64) AppleWebKit/537.36 (KHTML, like Gecko) Chrome/90.0.4430.93 Safari/537.36"
::1 - - [29/Apr/2021:05:06:25 +0000] "GET /api/v1/categories/ HTTP/1.1" 200 11563 "-" "Mozilla/5.0 (Windows NT 10.0; Win64; x64) AppleWebKit/537.36 (KHTML, like Gecko) Chrome/90.0.4430.93 Safari/537.36"
::1 - - [29/Apr/2021:05:06:44 +0000] "GET /api/v1/categories/ HTTP/1.1" 200 11550 "-" "Mozilla/5.0 (Windows NT 10.0; Win64; x64) AppleWebKit/537.36 (KHTML, like Gecko) Chrome/90.0.4430.93 Safari/537.36"
::1 - - [29/Apr/2021:05:09:26 +0000] "POST /api/v1/categories/basic/5 HTTP/1.1" 404 165 "-" "Mozilla/5.0 (Windows NT 10.0; Win64; x64) AppleWebKit/537.36 (KHTML, like Gecko) Chrome/90.0.4430.93 Safari/537.36"
::1 - - [29/Apr/2021:05:09:48 +0000] "POST /api/v1/categories/basic/5 HTTP/1.1" 404 165 "-" "Mozilla/5.0 (Windows NT 10.0; Win64; x64) AppleWebKit/537.36 (KHTML, like Gecko) Chrome/90.0.4430.93 Safari/537.36"
::1 - - [29/Apr/2021:06:45:34 +0000] "GET /api/v1/categories/1 HTTP/1.1" 500 45 "-" "Mozilla/5.0 (Windows NT 10.0; Win64; x64) AppleWebKit/537.36 (KHTML, like Gecko) Chrome/90.0.4430.93 Safari/537.36"
::1 - - [29/Apr/2021:06:46:07 +0000] "GET /api/v1/categories/5 HTTP/1.1" 500 45 "-" "Mozilla/5.0 (Windows NT 10.0; Win64; x64) AppleWebKit/537.36 (KHTML, like Gecko) Chrome/90.0.4430.93 Safari/537.36"
::1 - - [29/Apr/2021:06:46:39 +0000] "GET /api/v1/categories/5 HTTP/1.1" 200 90 "-" "Mozilla/5.0 (Windows NT 10.0; Win64; x64) AppleWebKit/537.36 (KHTML, like Gecko) Chrome/90.0.4430.93 Safari/537.36"
::1 - - [29/Apr/2021:06:46:54 +0000] "GET /api/v1/categories/50 HTTP/1.1" 200 26 "-" "Mozilla/5.0 (Windows NT 10.0; Win64; x64) AppleWebKit/537.36 (KHTML, like Gecko) Chrome/90.0.4430.93 Safari/537.36"
::1 - - [29/Apr/2021:06:47:04 +0000] "GET /api/v1/categories/ HTTP/1.1" 200 1534 "-" "Mozilla/5.0 (Windows NT 10.0; Win64; x64) AppleWebKit/537.36 (KHTML, like Gecko) Chrome/90.0.4430.93 Safari/537.36"
::1 - - [29/Apr/2021:06:47:11 +0000] "GET /api/v1/categories/12 HTTP/1.1" 200 127 "-" "Mozilla/5.0 (Windows NT 10.0; Win64; x64) AppleWebKit/537.36 (KHTML, like Gecko) Chrome/90.0.4430.93 Safari/537.36"
::1 - - [29/Apr/2021:06:48:21 +0000] "POST /api/v1/categories/basic/ HTTP/1.1" 200 88 "-" "Mozilla/5.0 (Windows NT 10.0; Win64; x64) AppleWebKit/537.36 (KHTML, like Gecko) Chrome/90.0.4430.93 Safari/537.36"
::1 - - [29/Apr/2021:06:49:19 +0000] "GET /api/v1/categories/ HTTP/1.1" 200 1185 "-" "Mozilla/5.0 (Windows NT 10.0; Win64; x64) AppleWebKit/537.36 (KHTML, like Gecko) Chrome/90.0.4430.93 Safari/537.36"
::1 - - [29/Apr/2021:06:49:27 +0000] "POST /api/v1/categories/basic/ HTTP/1.1" 200 88 "-" "Mozilla/5.0 (Windows NT 10.0; Win64; x64) AppleWebKit/537.36 (KHTML, like Gecko) Chrome/90.0.4430.93 Safari/537.36"
::1 - - [29/Apr/2021:06:49:29 +0000] "GET /api/v1/categories/ HTTP/1.1" 200 1239 "-" "Mozilla/5.0 (Windows NT 10.0; Win64; x64) AppleWebKit/537.36 (KHTML, like Gecko) Chrome/90.0.4430.93 Safari/537.36"
::1 - - [29/Apr/2021:06:49:53 +0000] "PUT /api/v1/categories/18 HTTP/1.1" 200 96 "-" "Mozilla/5.0 (Windows NT 10.0; Win64; x64) AppleWebKit/537.36 (KHTML, like Gecko) Chrome/90.0.4430.93 Safari/537.36"
::1 - - [29/Apr/2021:06:49:58 +0000] "GET /api/v1/categories/ HTTP/1.1" 200 1235 "-" "Mozilla/5.0 (Windows NT 10.0; Win64; x64) AppleWebKit/537.36 (KHTML, like Gecko) Chrome/90.0.4430.93 Safari/537.36"
::1 - - [29/Apr/2021:06:54:19 +0000] "DELETE /api/v1/categories/18 HTTP/1.1" 500 55 "-" "Mozilla/5.0 (Windows NT 10.0; Win64; x64) AppleWebKit/537.36 (KHTML, like Gecko) Chrome/90.0.4430.93 Safari/537.36"
::1 - - [29/Apr/2021:06:54:32 +0000] "DELETE /api/v1/categories/18 HTTP/1.1" 500 54 "-" "Mozilla/5.0 (Windows NT 10.0; Win64; x64) AppleWebKit/537.36 (KHTML, like Gecko) Chrome/90.0.4430.93 Safari/537.36"
::1 - - [29/Apr/2021:06:58:40 +0000] "DELETE /api/v1/categories/18 HTTP/1.1" 500 60 "-" "Mozilla/5.0 (Windows NT 10.0; Win64; x64) AppleWebKit/537.36 (KHTML, like Gecko) Chrome/90.0.4430.93 Safari/537.36"
::1 - - [29/Apr/2021:06:59:07 +0000] "DELETE /api/v1/categories/18 HTTP/1.1" 500 60 "-" "Mozilla/5.0 (Windows NT 10.0; Win64; x64) AppleWebKit/537.36 (KHTML, like Gecko) Chrome/90.0.4430.93 Safari/537.36"
::1 - - [29/Apr/2021:07:00:02 +0000] "DELETE /api/v1/categories/18 HTTP/1.1" 500 60 "-" "Mozilla/5.0 (Windows NT 10.0; Win64; x64) AppleWebKit/537.36 (KHTML, like Gecko) Chrome/90.0.4430.93 Safari/537.36"
::1 - - [29/Apr/2021:07:00:08 +0000] "DELETE /api/v1/categories/18 HTTP/1.1" 500 60 "-" "Mozilla/5.0 (Windows NT 10.0; Win64; x64) AppleWebKit/537.36 (KHTML, like Gecko) Chrome/90.0.4430.93 Safari/537.36"
::1 - - [29/Apr/2021:07:00:42 +0000] "DELETE /api/v1/categories/18 HTTP/1.1" 500 60 "-" "Mozilla/5.0 (Windows NT 10.0; Win64; x64) AppleWebKit/537.36 (KHTML, like Gecko) Chrome/90.0.4430.93 Safari/537.36"
::1 - - [29/Apr/2021:07:01:00 +0000] "DELETE /api/v1/categories/18 HTTP/1.1" 200 2 "-" "Mozilla/5.0 (Windows NT 10.0; Win64; x64) AppleWebKit/537.36 (KHTML, like Gecko) Chrome/90.0.4430.93 Safari/537.36"
::1 - - [29/Apr/2021:07:01:03 +0000] "DELETE /api/v1/categories/20 HTTP/1.1" 200 2 "-" "Mozilla/5.0 (Windows NT 10.0; Win64; x64) AppleWebKit/537.36 (KHTML, like Gecko) Chrome/90.0.4430.93 Safari/537.36"
::1 - - [29/Apr/2021:07:01:07 +0000] "DELETE /api/v1/categories/18 HTTP/1.1" 200 2 "-" "Mozilla/5.0 (Windows NT 10.0; Win64; x64) AppleWebKit/537.36 (KHTML, like Gecko) Chrome/90.0.4430.93 Safari/537.36"
::1 - - [29/Apr/2021:07:01:37 +0000] "DELETE /api/v1/categories/18 HTTP/1.1" 200 152 "-" "Mozilla/5.0 (Windows NT 10.0; Win64; x64) AppleWebKit/537.36 (KHTML, like Gecko) Chrome/90.0.4430.93 Safari/537.36"
::1 - - [29/Apr/2021:07:01:43 +0000] "GET /api/v1/categories/ HTTP/1.1" 200 1179 "-" "Mozilla/5.0 (Windows NT 10.0; Win64; x64) AppleWebKit/537.36 (KHTML, like Gecko) Chrome/90.0.4430.93 Safari/537.36"
::1 - - [29/Apr/2021:07:01:59 +0000] "DELETE /api/v1/categories/19 HTTP/1.1" 200 282 "-" "Mozilla/5.0 (Windows NT 10.0; Win64; x64) AppleWebKit/537.36 (KHTML, like Gecko) Chrome/90.0.4430.93 Safari/537.36"
::1 - - [29/Apr/2021:07:07:04 +0000] "GET /api/v1/categories/ HTTP/1.1" 200 1125 "-" "Mozilla/5.0 (Windows NT 10.0; Win64; x64) AppleWebKit/537.36 (KHTML, like Gecko) Chrome/90.0.4430.93 Safari/537.36"
::1 - - [29/Apr/2021:07:08:54 +0000] "POST /api/v1/categories/basic/1 HTTP/1.1" 404 165 "-" "Mozilla/5.0 (Windows NT 10.0; Win64; x64) AppleWebKit/537.36 (KHTML, like Gecko) Chrome/90.0.4430.93 Safari/537.36"
::1 - - [29/Apr/2021:07:09:47 +0000] "POST /api/v1/categories/basic/1 HTTP/1.1" 404 165 "-" "Mozilla/5.0 (Windows NT 10.0; Win64; x64) AppleWebKit/537.36 (KHTML, like Gecko) Chrome/90.0.4430.93 Safari/537.36"
::1 - - [29/Apr/2021:07:10:34 +0000] "POST /api/v1/categories/basic/1 HTTP/1.1" 200 88 "-" "Mozilla/5.0 (Windows NT 10.0; Win64; x64) AppleWebKit/537.36 (KHTML, like Gecko) Chrome/90.0.4430.93 Safari/537.36"
::1 - - [29/Apr/2021:07:12:04 +0000] "POST /api/v1/categories/basic/1 HTTP/1.1" 200 88 "-" "Mozilla/5.0 (Windows NT 10.0; Win64; x64) AppleWebKit/537.36 (KHTML, like Gecko) Chrome/90.0.4430.93 Safari/537.36"
::1 - - [29/Apr/2021:07:12:45 +0000] "POST /api/v1/categories/basic/1 HTTP/1.1" 200 107 "-" "Mozilla/5.0 (Windows NT 10.0; Win64; x64) AppleWebKit/537.36 (KHTML, like Gecko) Chrome/90.0.4430.93 Safari/537.36"
::1 - - [29/Apr/2021:07:14:06 +0000] "GET /api/v1/categories/basic/1 HTTP/1.1" 200 16 "-" "Mozilla/5.0 (Windows NT 10.0; Win64; x64) AppleWebKit/537.36 (KHTML, like Gecko) Chrome/90.0.4430.93 Safari/537.36"
::1 - - [29/Apr/2021:07:16:40 +0000] "GET /api/v1/categories/basic/1 HTTP/1.1" 200 70 "-" "Mozilla/5.0 (Windows NT 10.0; Win64; x64) AppleWebKit/537.36 (KHTML, like Gecko) Chrome/90.0.4430.93 Safari/537.36"
::1 - - [29/Apr/2021:07:16:42 +0000] "GET /api/v1/categories/basic/10 HTTP/1.1" 200 26 "-" "Mozilla/5.0 (Windows NT 10.0; Win64; x64) AppleWebKit/537.36 (KHTML, like Gecko) Chrome/90.0.4430.93 Safari/537.36"
::1 - - [29/Apr/2021:07:17:02 +0000] "GET /api/v1/categories/basic/10 HTTP/1.1" 200 26 "-" "Mozilla/5.0 (Windows NT 10.0; Win64; x64) AppleWebKit/537.36 (KHTML, like Gecko) Chrome/90.0.4430.93 Safari/537.36"
::1 - - [29/Apr/2021:07:17:16 +0000] "GET /api/v1/categories/basic/1 HTTP/1.1" 200 70 "-" "Mozilla/5.0 (Windows NT 10.0; Win64; x64) AppleWebKit/537.36 (KHTML, like Gecko) Chrome/90.0.4430.93 Safari/537.36"
::1 - - [29/Apr/2021:07:18:52 +0000] "GET /api/v1/categories/basic/1 HTTP/1.1" 200 70 "-" "Mozilla/5.0 (Windows NT 10.0; Win64; x64) AppleWebKit/537.36 (KHTML, like Gecko) Chrome/90.0.4430.93 Safari/537.36"
::1 - - [29/Apr/2021:07:19:02 +0000] "GET /api/v1/categories/basic/1 HTTP/1.1" 200 94 "-" "Mozilla/5.0 (Windows NT 10.0; Win64; x64) AppleWebKit/537.36 (KHTML, like Gecko) Chrome/90.0.4430.93 Safari/537.36"
::1 - - [29/Apr/2021:07:19:44 +0000] "POST /api/v1/categories/basic/1 HTTP/1.1" 200 107 "-" "Mozilla/5.0 (Windows NT 10.0; Win64; x64) AppleWebKit/537.36 (KHTML, like Gecko) Chrome/90.0.4430.93 Safari/537.36"
::1 - - [29/Apr/2021:07:19:49 +0000] "GET /api/v1/categories/basic/1 HTTP/1.1" 200 93 "-" "Mozilla/5.0 (Windows NT 10.0; Win64; x64) AppleWebKit/537.36 (KHTML, like Gecko) Chrome/90.0.4430.93 Safari/537.36"
::1 - - [29/Apr/2021:07:22:49 +0000] "GET /api/v1/categories/basic/1/1 HTTP/1.1" 200 21 "-" "Mozilla/5.0 (Windows NT 10.0; Win64; x64) AppleWebKit/537.36 (KHTML, like Gecko) Chrome/90.0.4430.93 Safari/537.36"
::1 - - [29/Apr/2021:07:22:56 +0000] "GET /api/v1/categories/basic/1/2 HTTP/1.1" 200 21 "-" "Mozilla/5.0 (Windows NT 10.0; Win64; x64) AppleWebKit/537.36 (KHTML, like Gecko) Chrome/90.0.4430.93 Safari/537.36"
::1 - - [29/Apr/2021:07:22:58 +0000] "GET /api/v1/categories/basic/1/1 HTTP/1.1" 200 21 "-" "Mozilla/5.0 (Windows NT 10.0; Win64; x64) AppleWebKit/537.36 (KHTML, like Gecko) Chrome/90.0.4430.93 Safari/537.36"
::1 - - [29/Apr/2021:07:26:05 +0000] "GET /api/v1/categories/basic/1/1 HTTP/1.1" 200 93 "-" "Mozilla/5.0 (Windows NT 10.0; Win64; x64) AppleWebKit/537.36 (KHTML, like Gecko) Chrome/90.0.4430.93 Safari/537.36"
::1 - - [29/Apr/2021:07:26:59 +0000] "PUT /api/v1/categories/basic/1/1 HTTP/1.1" 200 192 "-" "Mozilla/5.0 (Windows NT 10.0; Win64; x64) AppleWebKit/537.36 (KHTML, like Gecko) Chrome/90.0.4430.93 Safari/537.36"
::1 - - [29/Apr/2021:07:27:15 +0000] "GET /api/v1/categories/basic/1/1 HTTP/1.1" 200 109 "-" "Mozilla/5.0 (Windows NT 10.0; Win64; x64) AppleWebKit/537.36 (KHTML, like Gecko) Chrome/90.0.4430.93 Safari/537.36"
::1 - - [29/Apr/2021:07:27:33 +0000] "PUT /api/v1/categories/basic/1/1 HTTP/1.1" 200 192 "-" "Mozilla/5.0 (Windows NT 10.0; Win64; x64) AppleWebKit/537.36 (KHTML, like Gecko) Chrome/90.0.4430.93 Safari/537.36"
::1 - - [29/Apr/2021:07:28:04 +0000] "PUT /api/v1/categories/basic/1/1 HTTP/1.1" 200 89 "-" "Mozilla/5.0 (Windows NT 10.0; Win64; x64) AppleWebKit/537.36 (KHTML, like Gecko) Chrome/90.0.4430.93 Safari/537.36"
::1 - - [29/Apr/2021:07:31:51 +0000] "GET /api/v1/categories/basic/1 HTTP/1.1" 200 109 "-" "Mozilla/5.0 (Windows NT 10.0; Win64; x64) AppleWebKit/537.36 (KHTML, like Gecko) Chrome/90.0.4430.93 Safari/537.36"
::1 - - [29/Apr/2021:07:33:24 +0000] "GET /api/v1/categories/basic/1 HTTP/1.1" 200 109 "-" "Mozilla/5.0 (Windows NT 10.0; Win64; x64) AppleWebKit/537.36 (KHTML, like Gecko) Chrome/90.0.4430.93 Safari/537.36"
::1 - - [29/Apr/2021:07:33:34 +0000] "GET /api/v1/categories/basic/1/1 HTTP/1.1" 404 166 "-" "Mozilla/5.0 (Windows NT 10.0; Win64; x64) AppleWebKit/537.36 (KHTML, like Gecko) Chrome/90.0.4430.93 Safari/537.36"
::1 - - [29/Apr/2021:07:33:37 +0000] "GET /api/v1/categories/basic/1/2 HTTP/1.1" 404 166 "-" "Mozilla/5.0 (Windows NT 10.0; Win64; x64) AppleWebKit/537.36 (KHTML, like Gecko) Chrome/90.0.4430.93 Safari/537.36"
::1 - - [29/Apr/2021:13:12:52 +0000] "GET /api/v1/categories/ HTTP/1.1" 200 1237 "-" "Mozilla/5.0 (Windows NT 10.0; Win64; x64) AppleWebKit/537.36 (KHTML, like Gecko) Chrome/90.0.4430.93 Safari/537.36"
::1 - - [29/Apr/2021:13:16:23 +0000] "GET /api/v1/categories/ HTTP/1.1" 200 1237 "-" "Mozilla/5.0 (Windows NT 10.0; Win64; x64) AppleWebKit/537.36 (KHTML, like Gecko) Chrome/90.0.4430.93 Safari/537.36"
::1 - - [29/Apr/2021:13:17:10 +0000] "GET /api/v1/categories/12 HTTP/1.1" 404 159 "-" "Mozilla/5.0 (Windows NT 10.0; Win64; x64) AppleWebKit/537.36 (KHTML, like Gecko) Chrome/90.0.4430.93 Safari/537.36"
::1 - - [29/Apr/2021:13:18:16 +0000] "GET /api/v1/categories/basic/12 HTTP/1.1" 200 127 "-" "Mozilla/5.0 (Windows NT 10.0; Win64; x64) AppleWebKit/537.36 (KHTML, like Gecko) Chrome/90.0.4430.93 Safari/537.36"
::1 - - [29/Apr/2021:13:19:20 +0000] "GET /api/v1/categories/basic/30 HTTP/1.1" 200 26 "-" "Mozilla/5.0 (Windows NT 10.0; Win64; x64) AppleWebKit/537.36 (KHTML, like Gecko) Chrome/90.0.4430.93 Safari/537.36"
::1 - - [29/Apr/2021:13:19:52 +0000] "POST /api/v1/categories/basic/ HTTP/1.1" 404 164 "-" "Mozilla/5.0 (Windows NT 10.0; Win64; x64) AppleWebKit/537.36 (KHTML, like Gecko) Chrome/90.0.4430.93 Safari/537.36"
::1 - - [29/Apr/2021:13:20:32 +0000] "POST /api/v1/categories/basic/ HTTP/1.1" 404 164 "-" "Mozilla/5.0 (Windows NT 10.0; Win64; x64) AppleWebKit/537.36 (KHTML, like Gecko) Chrome/90.0.4430.93 Safari/537.36"
::1 - - [29/Apr/2021:13:21:00 +0000] "POST /api/v1/categories/basic/ HTTP/1.1" 200 88 "-" "Mozilla/5.0 (Windows NT 10.0; Win64; x64) AppleWebKit/537.36 (KHTML, like Gecko) Chrome/90.0.4430.93 Safari/537.36"
::1 - - [29/Apr/2021:13:21:04 +0000] "GET /api/v1/categories/ HTTP/1.1" 200 1309 "-" "Mozilla/5.0 (Windows NT 10.0; Win64; x64) AppleWebKit/537.36 (KHTML, like Gecko) Chrome/90.0.4430.93 Safari/537.36"
::1 - - [29/Apr/2021:13:21:19 +0000] "GET /api/v1/categories/basic/10 HTTP/1.1" 200 99 "-" "Mozilla/5.0 (Windows NT 10.0; Win64; x64) AppleWebKit/537.36 (KHTML, like Gecko) Chrome/90.0.4430.93 Safari/537.36"
::1 - - [29/Apr/2021:13:22:12 +0000] "GET /api/v1/categories/basic/20 HTTP/1.1" 200 81 "-" "Mozilla/5.0 (Windows NT 10.0; Win64; x64) AppleWebKit/537.36 (KHTML, like Gecko) Chrome/90.0.4430.93 Safari/537.36"
::1 - - [29/Apr/2021:13:22:35 +0000] "PUT /api/v1/categories/20 HTTP/1.1" 404 159 "-" "Mozilla/5.0 (Windows NT 10.0; Win64; x64) AppleWebKit/537.36 (KHTML, like Gecko) Chrome/90.0.4430.93 Safari/537.36"
::1 - - [29/Apr/2021:13:22:55 +0000] "PUT /api/v1/categories/20 HTTP/1.1" 404 159 "-" "Mozilla/5.0 (Windows NT 10.0; Win64; x64) AppleWebKit/537.36 (KHTML, like Gecko) Chrome/90.0.4430.93 Safari/537.36"
::1 - - [29/Apr/2021:13:23:16 +0000] "PUT /api/v1/categories/basic/20 HTTP/1.1" 200 96 "-" "Mozilla/5.0 (Windows NT 10.0; Win64; x64) AppleWebKit/537.36 (KHTML, like Gecko) Chrome/90.0.4430.93 Safari/537.36"
::1 - - [29/Apr/2021:13:23:21 +0000] "GET /api/v1/categories/basic/20 HTTP/1.1" 200 85 "-" "Mozilla/5.0 (Windows NT 10.0; Win64; x64) AppleWebKit/537.36 (KHTML, like Gecko) Chrome/90.0.4430.93 Safari/537.36"
::1 - - [29/Apr/2021:13:26:59 +0000] "GET /api/v1/categories/catsubs/1 HTTP/1.1" 404 166 "-" "Mozilla/5.0 (Windows NT 10.0; Win64; x64) AppleWebKit/537.36 (KHTML, like Gecko) Chrome/90.0.4430.93 Safari/537.36"
::1 - - [29/Apr/2021:13:27:57 +0000] "GET /api/v1/categories/catsubs/1 HTTP/1.1" 404 166 "-" "Mozilla/5.0 (Windows NT 10.0; Win64; x64) AppleWebKit/537.36 (KHTML, like Gecko) Chrome/90.0.4430.93 Safari/537.36"
::1 - - [29/Apr/2021:13:28:34 +0000] "GET /api/v1/categories/catsubs/1 HTTP/1.1" 404 166 "-" "Mozilla/5.0 (Windows NT 10.0; Win64; x64) AppleWebKit/537.36 (KHTML, like Gecko) Chrome/90.0.4430.93 Safari/537.36"
::1 - - [29/Apr/2021:13:28:40 +0000] "GET /api/v1/categories/catsubs/1 HTTP/1.1" 404 166 "-" "Mozilla/5.0 (Windows NT 10.0; Win64; x64) AppleWebKit/537.36 (KHTML, like Gecko) Chrome/90.0.4430.93 Safari/537.36"
::1 - - [29/Apr/2021:13:28:48 +0000] "GET /api/v1/categories/catsub/1 HTTP/1.1" 200 1 "-" "Mozilla/5.0 (Windows NT 10.0; Win64; x64) AppleWebKit/537.36 (KHTML, like Gecko) Chrome/90.0.4430.93 Safari/537.36"
::1 - - [29/Apr/2021:13:28:58 +0000] "GET /api/v1/categories/catsub/1 HTTP/1.1" 200 109 "-" "Mozilla/5.0 (Windows NT 10.0; Win64; x64) AppleWebKit/537.36 (KHTML, like Gecko) Chrome/90.0.4430.93 Safari/537.36"
::1 - - [29/Apr/2021:13:29:02 +0000] "GET /api/v1/categories/catsub/10 HTTP/1.1" 200 26 "-" "Mozilla/5.0 (Windows NT 10.0; Win64; x64) AppleWebKit/537.36 (KHTML, like Gecko) Chrome/90.0.4430.93 Safari/537.36"
::1 - - [29/Apr/2021:13:29:03 +0000] "GET /api/v1/categories/catsub/1 HTTP/1.1" 200 109 "-" "Mozilla/5.0 (Windows NT 10.0; Win64; x64) AppleWebKit/537.36 (KHTML, like Gecko) Chrome/90.0.4430.93 Safari/537.36"
::1 - - [29/Apr/2021:13:32:27 +0000] "GET /api/v1/categories/catsub/1/sub/1 HTTP/1.1" 200 - "-" "Mozilla/5.0 (Windows NT 10.0; Win64; x64) AppleWebKit/537.36 (KHTML, like Gecko) Chrome/90.0.4430.93 Safari/537.36"
::1 - - [29/Apr/2021:13:32:47 +0000] "GET /api/v1/categories/catsub/1/sub/1 HTTP/1.1" 200 21 "-" "Mozilla/5.0 (Windows NT 10.0; Win64; x64) AppleWebKit/537.36 (KHTML, like Gecko) Chrome/90.0.4430.93 Safari/537.36"
::1 - - [29/Apr/2021:13:59:45 +0000] "GET /api/v1/rules/ HTTP/1.1" 200 976 "-" "Mozilla/5.0 (Windows NT 10.0; Win64; x64) AppleWebKit/537.36 (KHTML, like Gecko) Chrome/90.0.4430.93 Safari/537.36"
::1 - - [29/Apr/2021:14:00:13 +0000] "GET /api/v1/rules/ HTTP/1.1" 200 210002 "-" "Mozilla/5.0 (Windows NT 10.0; Win64; x64) AppleWebKit/537.36 (KHTML, like Gecko) Chrome/90.0.4430.93 Safari/537.36"
::1 - - [29/Apr/2021:14:02:22 +0000] "GET /api/v1/rules HTTP/1.1" 200 210002 "-" "Mozilla/5.0 (Windows NT 10.0; Win64; x64) AppleWebKit/537.36 (KHTML, like Gecko) Chrome/90.0.4430.93 Safari/537.36"
::1 - - [29/Apr/2021:14:03:37 +0000] "GET /api/v1/rule/2 HTTP/1.1" 404 152 "-" "Mozilla/5.0 (Windows NT 10.0; Win64; x64) AppleWebKit/537.36 (KHTML, like Gecko) Chrome/90.0.4430.93 Safari/537.36"
::1 - - [29/Apr/2021:14:03:42 +0000] "GET /api/v1/rule/2 HTTP/1.1" 200 210002 "-" "Mozilla/5.0 (Windows NT 10.0; Win64; x64) AppleWebKit/537.36 (KHTML, like Gecko) Chrome/90.0.4430.93 Safari/537.36"
::1 - - [29/Apr/2021:14:04:03 +0000] "GET /api/v1/rule/2 HTTP/1.1" 200 861 "-" "Mozilla/5.0 (Windows NT 10.0; Win64; x64) AppleWebKit/537.36 (KHTML, like Gecko) Chrome/90.0.4430.93 Safari/537.36"
::1 - - [29/Apr/2021:14:04:06 +0000] "GET /api/v1/rule/3 HTTP/1.1" 200 2013 "-" "Mozilla/5.0 (Windows NT 10.0; Win64; x64) AppleWebKit/537.36 (KHTML, like Gecko) Chrome/90.0.4430.93 Safari/537.36"
::1 - - [29/Apr/2021:14:12:58 +0000] "GET /api/v1/rule/search=%EC%9D%B4 HTTP/1.1" 200 26 "-" "Mozilla/5.0 (Windows NT 10.0; Win64; x64) AppleWebKit/537.36 (KHTML, like Gecko) Chrome/90.0.4430.93 Safari/537.36"
::1 - - [29/Apr/2021:14:13:15 +0000] "GET /api/v1/rule/search=%EC%9D%B4 HTTP/1.1" 200 26 "-" "Mozilla/5.0 (Windows NT 10.0; Win64; x64) AppleWebKit/537.36 (KHTML, like Gecko) Chrome/90.0.4430.93 Safari/537.36"
::1 - - [29/Apr/2021:14:13:16 +0000] "GET /api/v1/rule/search=%EC%9D%B4 HTTP/1.1" 200 26 "-" "Mozilla/5.0 (Windows NT 10.0; Win64; x64) AppleWebKit/537.36 (KHTML, like Gecko) Chrome/90.0.4430.93 Safari/537.36"
::1 - - [29/Apr/2021:14:13:24 +0000] "GET /api/v1/rule/search=/ HTTP/1.1" 200 26 "-" "Mozilla/5.0 (Windows NT 10.0; Win64; x64) AppleWebKit/537.36 (KHTML, like Gecko) Chrome/90.0.4430.93 Safari/537.36"
::1 - - [29/Apr/2021:14:13:49 +0000] "GET /api/v1/rule/search=/ HTTP/1.1" 200 26 "-" "Mozilla/5.0 (Windows NT 10.0; Win64; x64) AppleWebKit/537.36 (KHTML, like Gecko) Chrome/90.0.4430.93 Safari/537.36"
::1 - - [29/Apr/2021:14:17:11 +0000] "GET /api/v1/rules/search=%EC%9D%B4/%EA%B0%80 HTTP/1.1" 404 178 "-" "Mozilla/5.0 (Windows NT 10.0; Win64; x64) AppleWebKit/537.36 (KHTML, like Gecko) Chrome/90.0.4430.93 Safari/537.36"
::1 - - [29/Apr/2021:14:17:32 +0000] "GET /api/v1/rules/search=text HTTP/1.1" 200 4 "-" "Mozilla/5.0 (Windows NT 10.0; Win64; x64) AppleWebKit/537.36 (KHTML, like Gecko) Chrome/90.0.4430.93 Safari/537.36"
::1 - - [29/Apr/2021:14:21:17 +0000] "GET /api/v1/rules/search=textaaaaa HTTP/1.1" 200 9 "-" "Mozilla/5.0 (Windows NT 10.0; Win64; x64) AppleWebKit/537.36 (KHTML, like Gecko) Chrome/90.0.4430.93 Safari/537.36"
::1 - - [29/Apr/2021:14:21:36 +0000] "GET /api/v1/rules/search= HTTP/1.1" 404 159 "-" "Mozilla/5.0 (Windows NT 10.0; Win64; x64) AppleWebKit/537.36 (KHTML, like Gecko) Chrome/90.0.4430.93 Safari/537.36"
::1 - - [29/Apr/2021:14:21:54 +0000] "GET /api/v1/rules HTTP/1.1" 200 210002 "-" "Mozilla/5.0 (Windows NT 10.0; Win64; x64) AppleWebKit/537.36 (KHTML, like Gecko) Chrome/90.0.4430.93 Safari/537.36"
::1 - - [29/Apr/2021:14:22:01 +0000] "GET /api/v1/rules/search=%EC%9D%B4/%EA%B0%80 HTTP/1.1" 404 178 "-" "Mozilla/5.0 (Windows NT 10.0; Win64; x64) AppleWebKit/537.36 (KHTML, like Gecko) Chrome/90.0.4430.93 Safari/537.36"
::1 - - [29/Apr/2021:14:23:12 +0000] "GET /api/v1/rules/search=%D0%B6%20%D0%B1%D0%B0%D0%B9%D0%BD%D0%B0 HTTP/1.1" 200 13 "-" "Mozilla/5.0 (Windows NT 10.0; Win64; x64) AppleWebKit/537.36 (KHTML, like Gecko) Chrome/90.0.4430.93 Safari/537.36"
::1 - - [29/Apr/2021:14:23:27 +0000] "GET /api/v1/rules/search=%D0%B6%20%D0%B1%D0%B0%D0%B9%D0%BD%D0%B0 HTTP/1.1" 200 16 "-" "Mozilla/5.0 (Windows NT 10.0; Win64; x64) AppleWebKit/537.36 (KHTML, like Gecko) Chrome/90.0.4430.93 Safari/537.36"
::1 - - [29/Apr/2021:14:27:29 +0000] "POST /api/v1/rule/create/ HTTP/1.1" 200 45 "-" "Mozilla/5.0 (Windows NT 10.0; Win64; x64) AppleWebKit/537.36 (KHTML, like Gecko) Chrome/90.0.4430.93 Safari/537.36"
::1 - - [29/Apr/2021:14:28:39 +0000] "POST /api/v1/rule/create/ HTTP/1.1" 200 78 "-" "Mozilla/5.0 (Windows NT 10.0; Win64; x64) AppleWebKit/537.36 (KHTML, like Gecko) Chrome/90.0.4430.93 Safari/537.36"
::1 - - [29/Apr/2021:14:28:44 +0000] "GET /api/v1/rules/ HTTP/1.1" 200 210059 "-" "Mozilla/5.0 (Windows NT 10.0; Win64; x64) AppleWebKit/537.36 (KHTML, like Gecko) Chrome/90.0.4430.93 Safari/537.36"
::1 - - [29/Apr/2021:14:31:45 +0000] "PUT /api/v1/rule/update/157 HTTP/1.1" 200 - "-" "Mozilla/5.0 (Windows NT 10.0; Win64; x64) AppleWebKit/537.36 (KHTML, like Gecko) Chrome/90.0.4430.93 Safari/537.36"
::1 - - [29/Apr/2021:14:32:18 +0000] "PUT /api/v1/rule/update/157 HTTP/1.1" 200 - "-" "Mozilla/5.0 (Windows NT 10.0; Win64; x64) AppleWebKit/537.36 (KHTML, like Gecko) Chrome/90.0.4430.93 Safari/537.36"
::1 - - [29/Apr/2021:14:32:29 +0000] "PUT /api/v1/rule/update/157 HTTP/1.1" 200 - "-" "Mozilla/5.0 (Windows NT 10.0; Win64; x64) AppleWebKit/537.36 (KHTML, like Gecko) Chrome/90.0.4430.93 Safari/537.36"
::1 - - [29/Apr/2021:14:33:03 +0000] "PUT /api/v1/rule/update/157 HTTP/1.1" 200 - "-" "Mozilla/5.0 (Windows NT 10.0; Win64; x64) AppleWebKit/537.36 (KHTML, like Gecko) Chrome/90.0.4430.93 Safari/537.36"
::1 - - [29/Apr/2021:14:33:22 +0000] "PUT /api/v1/rule/update/157 HTTP/1.1" 200 45 "-" "Mozilla/5.0 (Windows NT 10.0; Win64; x64) AppleWebKit/537.36 (KHTML, like Gecko) Chrome/90.0.4430.93 Safari/537.36"
::1 - - [29/Apr/2021:14:34:41 +0000] "GET /api/v1/rule/update/3 HTTP/1.1" 200 2013 "-" "Mozilla/5.0 (Windows NT 10.0; Win64; x64) AppleWebKit/537.36 (KHTML, like Gecko) Chrome/90.0.4430.93 Safari/537.36"
::1 - - [29/Apr/2021:14:35:52 +0000] "GET /api/v1/rules/ HTTP/1.1" 200 210059 "-" "Mozilla/5.0 (Windows NT 10.0; Win64; x64) AppleWebKit/537.36 (KHTML, like Gecko) Chrome/90.0.4430.93 Safari/537.36"
::1 - - [29/Apr/2021:14:36:52 +0000] "PUT /api/v1/rule/update/157 HTTP/1.1" 200 95 "-" "Mozilla/5.0 (Windows NT 10.0; Win64; x64) AppleWebKit/537.36 (KHTML, like Gecko) Chrome/90.0.4430.93 Safari/537.36"
::1 - - [29/Apr/2021:14:36:58 +0000] "GET /api/v1/rules/ HTTP/1.1" 200 210065 "-" "Mozilla/5.0 (Windows NT 10.0; Win64; x64) AppleWebKit/537.36 (KHTML, like Gecko) Chrome/90.0.4430.93 Safari/537.36"
::1 - - [29/Apr/2021:14:38:33 +0000] "GET /api/v1/rules/ HTTP/1.1" 200 210065 "-" "Mozilla/5.0 (Windows NT 10.0; Win64; x64) AppleWebKit/537.36 (KHTML, like Gecko) Chrome/90.0.4430.93 Safari/537.36"
::1 - - [29/Apr/2021:14:39:00 +0000] "DELETE /api/v1/rule/delete/157 HTTP/1.1" 200 91 "-" "Mozilla/5.0 (Windows NT 10.0; Win64; x64) AppleWebKit/537.36 (KHTML, like Gecko) Chrome/90.0.4430.93 Safari/537.36"
::1 - - [29/Apr/2021:14:39:03 +0000] "GET /api/v1/rules/ HTTP/1.1" 200 210010 "-" "Mozilla/5.0 (Windows NT 10.0; Win64; x64) AppleWebKit/537.36 (KHTML, like Gecko) Chrome/90.0.4430.93 Safari/537.36"
::1 - - [29/Apr/2021:14:41:51 +0000] "DELETE /api/v1/rule/delete/200 HTTP/1.1" 200 14 "-" "Mozilla/5.0 (Windows NT 10.0; Win64; x64) AppleWebKit/537.36 (KHTML, like Gecko) Chrome/90.0.4430.93 Safari/537.36"
::1 - - [29/Apr/2021:14:42:05 +0000] "DELETE /api/v1/rule/delete/200 HTTP/1.1" 200 10 "-" "Mozilla/5.0 (Windows NT 10.0; Win64; x64) AppleWebKit/537.36 (KHTML, like Gecko) Chrome/90.0.4430.93 Safari/537.36"
::1 - - [29/Apr/2021:14:42:09 +0000] "DELETE /api/v1/rule/delete/200 HTTP/1.1" 200 14 "-" "Mozilla/5.0 (Windows NT 10.0; Win64; x64) AppleWebKit/537.36 (KHTML, like Gecko) Chrome/90.0.4430.93 Safari/537.36"
::1 - - [29/Apr/2021:14:42:14 +0000] "DELETE /api/v1/rule/delete/158 HTTP/1.1" 200 10 "-" "Mozilla/5.0 (Windows NT 10.0; Win64; x64) AppleWebKit/537.36 (KHTML, like Gecko) Chrome/90.0.4430.93 Safari/537.36"
::1 - - [29/Apr/2021:14:43:20 +0000] "DELETE /api/v1/rule/delete/158 HTTP/1.1" 200 91 "-" "Mozilla/5.0 (Windows NT 10.0; Win64; x64) AppleWebKit/537.36 (KHTML, like Gecko) Chrome/90.0.4430.93 Safari/537.36"
::1 - - [29/Apr/2021:14:43:23 +0000] "GET /api/v1/rules/ HTTP/1.1" 200 209953 "-" "Mozilla/5.0 (Windows NT 10.0; Win64; x64) AppleWebKit/537.36 (KHTML, like Gecko) Chrome/90.0.4430.93 Safari/537.36"
::1 - - [29/Apr/2021:14:46:26 +0000] "GET /api/v1/words/ HTTP/1.1" 200 976 "-" "Mozilla/5.0 (Windows NT 10.0; Win64; x64) AppleWebKit/537.36 (KHTML, like Gecko) Chrome/90.0.4430.93 Safari/537.36"
::1 - - [29/Apr/2021:14:48:32 +0000] "POST /api/v1/word/create/ HTTP/1.1" 200 85 "-" "Mozilla/5.0 (Windows NT 10.0; Win64; x64) AppleWebKit/537.36 (KHTML, like Gecko) Chrome/90.0.4430.93 Safari/537.36"
::1 - - [29/Apr/2021:14:48:43 +0000] "POST /api/v1/word/create/ HTTP/1.1" 200 9 "-" "Mozilla/5.0 (Windows NT 10.0; Win64; x64) AppleWebKit/537.36 (KHTML, like Gecko) Chrome/90.0.4430.93 Safari/537.36"
::1 - - [29/Apr/2021:14:48:57 +0000] "POST /api/v1/word/create/ HTTP/1.1" 200 72 "-" "Mozilla/5.0 (Windows NT 10.0; Win64; x64) AppleWebKit/537.36 (KHTML, like Gecko) Chrome/90.0.4430.93 Safari/537.36"
::1 - - [29/Apr/2021:14:49:02 +0000] "GET /api/v1/words/ HTTP/1.1" 200 982 "-" "Mozilla/5.0 (Windows NT 10.0; Win64; x64) AppleWebKit/537.36 (KHTML, like Gecko) Chrome/90.0.4430.93 Safari/537.36"
::1 - - [29/Apr/2021:14:50:41 +0000] "GET /api/word/update/2236 HTTP/1.1" 404 159 "-" "Mozilla/5.0 (Windows NT 10.0; Win64; x64) AppleWebKit/537.36 (KHTML, like Gecko) Chrome/90.0.4430.93 Safari/537.36"
::1 - - [29/Apr/2021:14:50:51 +0000] "GET /api/v1/word/update/2236 HTTP/1.1" 200 123 "-" "Mozilla/5.0 (Windows NT 10.0; Win64; x64) AppleWebKit/537.36 (KHTML, like Gecko) Chrome/90.0.4430.93 Safari/537.36"
::1 - - [29/Apr/2021:14:52:50 +0000] "PUT /api/v1/word/update/2236 HTTP/1.1" 200 101 "-" "Mozilla/5.0 (Windows NT 10.0; Win64; x64) AppleWebKit/537.36 (KHTML, like Gecko) Chrome/90.0.4430.93 Safari/537.36"
::1 - - [29/Apr/2021:14:52:54 +0000] "GET /api/v1/words/ HTTP/1.1" 200 976 "-" "Mozilla/5.0 (Windows NT 10.0; Win64; x64) AppleWebKit/537.36 (KHTML, like Gecko) Chrome/90.0.4430.93 Safari/537.36"
::1 - - [29/Apr/2021:14:56:41 +0000] "DELETE /api/v1/word/delete/2236 HTTP/1.1" 200 128 "-" "Mozilla/5.0 (Windows NT 10.0; Win64; x64) AppleWebKit/537.36 (KHTML, like Gecko) Chrome/90.0.4430.93 Safari/537.36"
::1 - - [29/Apr/2021:14:56:45 +0000] "GET /api/v1/words/ HTTP/1.1" 200 976 "-" "Mozilla/5.0 (Windows NT 10.0; Win64; x64) AppleWebKit/537.36 (KHTML, like Gecko) Chrome/90.0.4430.93 Safari/537.36"
::1 - - [29/Apr/2021:15:02:02 +0000] "GET /api/v1/aimags/ HTTP/1.1" 200 1169 "-" "Mozilla/5.0 (Windows NT 10.0; Win64; x64) AppleWebKit/537.36 (KHTML, like Gecko) Chrome/90.0.4430.93 Safari/537.36"
::1 - - [29/Apr/2021:15:04:58 +0000] "POST /api/v1/aimag/create/ HTTP/1.1" 200 82 "-" "Mozilla/5.0 (Windows NT 10.0; Win64; x64) AppleWebKit/537.36 (KHTML, like Gecko) Chrome/90.0.4430.93 Safari/537.36"
::1 - - [29/Apr/2021:15:05:01 +0000] "GET /api/v1/aimags/ HTTP/1.1" 200 1169 "-" "Mozilla/5.0 (Windows NT 10.0; Win64; x64) AppleWebKit/537.36 (KHTML, like Gecko) Chrome/90.0.4430.93 Safari/537.36"
::1 - - [29/Apr/2021:15:06:04 +0000] "POST /api/v1/aimag/create/ HTTP/1.1" 200 43 "-" "Mozilla/5.0 (Windows NT 10.0; Win64; x64) AppleWebKit/537.36 (KHTML, like Gecko) Chrome/90.0.4430.93 Safari/537.36"
::1 - - [29/Apr/2021:15:06:12 +0000] "POST /api/v1/aimag/create/ HTTP/1.1" 200 44 "-" "Mozilla/5.0 (Windows NT 10.0; Win64; x64) AppleWebKit/537.36 (KHTML, like Gecko) Chrome/90.0.4430.93 Safari/537.36"
::1 - - [29/Apr/2021:15:06:23 +0000] "POST /api/v1/aimag/create/ HTTP/1.1" 200 82 "-" "Mozilla/5.0 (Windows NT 10.0; Win64; x64) AppleWebKit/537.36 (KHTML, like Gecko) Chrome/90.0.4430.93 Safari/537.36"
::1 - - [29/Apr/2021:15:06:26 +0000] "GET /api/v1/aimags/ HTTP/1.1" 200 1224 "-" "Mozilla/5.0 (Windows NT 10.0; Win64; x64) AppleWebKit/537.36 (KHTML, like Gecko) Chrome/90.0.4430.93 Safari/537.36"
::1 - - [29/Apr/2021:15:08:27 +0000] "GET /api/v1/aimag/update/20 HTTP/1.1" 200 80 "-" "Mozilla/5.0 (Windows NT 10.0; Win64; x64) AppleWebKit/537.36 (KHTML, like Gecko) Chrome/90.0.4430.93 Safari/537.36"
::1 - - [29/Apr/2021:15:10:45 +0000] "PUT /api/v1/aimag/update/20 HTTP/1.1" 200 109 "-" "Mozilla/5.0 (Windows NT 10.0; Win64; x64) AppleWebKit/537.36 (KHTML, like Gecko) Chrome/90.0.4430.93 Safari/537.36"
::1 - - [29/Apr/2021:15:10:50 +0000] "GET /api/v1/aimags/ HTTP/1.1" 200 1222 "-" "Mozilla/5.0 (Windows NT 10.0; Win64; x64) AppleWebKit/537.36 (KHTML, like Gecko) Chrome/90.0.4430.93 Safari/537.36"
::1 - - [29/Apr/2021:15:12:21 +0000] "DELETE /api/v1/aimag/delete/20 HTTP/1.1" 200 84 "-" "Mozilla/5.0 (Windows NT 10.0; Win64; x64) AppleWebKit/537.36 (KHTML, like Gecko) Chrome/90.0.4430.93 Safari/537.36"
::1 - - [29/Apr/2021:15:12:24 +0000] "GET /api/v1/aimags/ HTTP/1.1" 200 1169 "-" "Mozilla/5.0 (Windows NT 10.0; Win64; x64) AppleWebKit/537.36 (KHTML, like Gecko) Chrome/90.0.4430.93 Safari/537.36"
::1 - - [01/May/2021:02:58:46 +0000] "GET /api/v1/aimags/ HTTP/1.1" 200 1169 "-" "Mozilla/5.0 (Windows NT 10.0; Win64; x64) AppleWebKit/537.36 (KHTML, like Gecko) Chrome/90.0.4430.93 Safari/537.36"
::1 - - [01/May/2021:02:58:57 +0000] "POST /api/v1/word/create/ HTTP/1.1" 200 72 "-" "Mozilla/5.0 (Windows NT 10.0; Win64; x64) AppleWebKit/537.36 (KHTML, like Gecko) Chrome/90.0.4430.93 Safari/537.36"
::1 - - [01/May/2021:02:59:03 +0000] "GET /api/v1/words/ HTTP/1.1" 200 982 "-" "Mozilla/5.0 (Windows NT 10.0; Win64; x64) AppleWebKit/537.36 (KHTML, like Gecko) Chrome/90.0.4430.93 Safari/537.36"
::1 - - [01/May/2021:02:59:58 +0000] "POST /api/word_details/2237 HTTP/1.1" 404 161 "-" "Mozilla/5.0 (Windows NT 10.0; Win64; x64) AppleWebKit/537.36 (KHTML, like Gecko) Chrome/90.0.4430.93 Safari/537.36"
::1 - - [01/May/2021:03:00:52 +0000] "POST /api/word_details/2237 HTTP/1.1" 404 161 "-" "Mozilla/5.0 (Windows NT 10.0; Win64; x64) AppleWebKit/537.36 (KHTML, like Gecko) Chrome/90.0.4430.93 Safari/537.36"
::1 - - [01/May/2021:03:01:21 +0000] "POST /api/v1/word_details/2237 HTTP/1.1" 200 69 "-" "Mozilla/5.0 (Windows NT 10.0; Win64; x64) AppleWebKit/537.36 (KHTML, like Gecko) Chrome/90.0.4430.93 Safari/537.36"
::1 - - [01/May/2021:03:01:36 +0000] "GET /api/v1/word_details/2237 HTTP/1.1" 200 577 "-" "Mozilla/5.0 (Windows NT 10.0; Win64; x64) AppleWebKit/537.36 (KHTML, like Gecko) Chrome/90.0.4430.93 Safari/537.36"
::1 - - [01/May/2021:03:31:54 +0000] "POST /api/v1/word/create/ HTTP/1.1" 200 72 "-" "Mozilla/5.0 (Windows NT 10.0; Win64; x64) AppleWebKit/537.36 (KHTML, like Gecko) Chrome/90.0.4430.93 Safari/537.36"
::1 - - [01/May/2021:03:31:58 +0000] "GET /api/v1/words/ HTTP/1.1" 200 985 "-" "Mozilla/5.0 (Windows NT 10.0; Win64; x64) AppleWebKit/537.36 (KHTML, like Gecko) Chrome/90.0.4430.93 Safari/537.36"
::1 - - [01/May/2021:03:32:29 +0000] "PUT /api/v1/word/update/2237 HTTP/1.1" 200 101 "-" "Mozilla/5.0 (Windows NT 10.0; Win64; x64) AppleWebKit/537.36 (KHTML, like Gecko) Chrome/90.0.4430.93 Safari/537.36"
::1 - - [01/May/2021:03:32:37 +0000] "GET /api/v1/word_details/2237 HTTP/1.1" 200 574 "-" "Mozilla/5.0 (Windows NT 10.0; Win64; x64) AppleWebKit/537.36 (KHTML, like Gecko) Chrome/90.0.4430.93 Safari/537.36"
::1 - - [01/May/2021:03:32:46 +0000] "GET /api/v1/words/ HTTP/1.1" 200 982 "-" "Mozilla/5.0 (Windows NT 10.0; Win64; x64) AppleWebKit/537.36 (KHTML, like Gecko) Chrome/90.0.4430.93 Safari/537.36"
::1 - - [01/May/2021:03:33:20 +0000] "POST /api/v1/word_details/2238 HTTP/1.1" 200 69 "-" "Mozilla/5.0 (Windows NT 10.0; Win64; x64) AppleWebKit/537.36 (KHTML, like Gecko) Chrome/90.0.4430.93 Safari/537.36"
::1 - - [01/May/2021:03:33:26 +0000] "GET /api/v1/word_details/2238 HTTP/1.1" 200 440 "-" "Mozilla/5.0 (Windows NT 10.0; Win64; x64) AppleWebKit/537.36 (KHTML, like Gecko) Chrome/90.0.4430.93 Safari/537.36"
::1 - - [06/May/2021:08:44:28 +0000] "GET /api/v1/aimags HTTP/1.1" 200 1169 "-" "Mozilla/5.0 (Windows NT 10.0; Win64; x64) AppleWebKit/537.36 (KHTML, like Gecko) Chrome/90.0.4430.93 Safari/537.36"
::1 - - [06/May/2021:08:44:28 +0000] "GET /favicon.ico HTTP/1.1" 404 150 "http://localhost:8000/api/v1/aimags" "Mozilla/5.0 (Windows NT 10.0; Win64; x64) AppleWebKit/537.36 (KHTML, like Gecko) Chrome/90.0.4430.93 Safari/537.36"
::1 - - [06/May/2021:08:48:22 +0000] "GET /api/v1/aimags HTTP/1.1" 304 - "http://localhost:3000/" "Mozilla/5.0 (Windows NT 10.0; Win64; x64) AppleWebKit/537.36 (KHTML, like Gecko) Chrome/90.0.4430.93 Safari/537.36"
::1 - - [06/May/2021:08:50:03 +0000] "GET /api/v1/aimags HTTP/1.1" 304 - "http://localhost:3000/" "Mozilla/5.0 (Windows NT 10.0; Win64; x64) AppleWebKit/537.36 (KHTML, like Gecko) Chrome/90.0.4430.93 Safari/537.36"
::1 - - [06/May/2021:08:51:25 +0000] "GET /api/v1/aimags HTTP/1.1" 304 - "http://localhost:3000/" "Mozilla/5.0 (Windows NT 10.0; Win64; x64) AppleWebKit/537.36 (KHTML, like Gecko) Chrome/90.0.4430.93 Safari/537.36"
::1 - - [06/May/2021:08:53:25 +0000] "GET /api/v1/aimags HTTP/1.1" 304 - "http://localhost:3000/" "Mozilla/5.0 (Windows NT 10.0; Win64; x64) AppleWebKit/537.36 (KHTML, like Gecko) Chrome/90.0.4430.93 Safari/537.36"
::1 - - [06/May/2021:08:56:05 +0000] "GET /api/v1/aimags HTTP/1.1" 304 - "http://localhost:3000/" "Mozilla/5.0 (Windows NT 10.0; Win64; x64) AppleWebKit/537.36 (KHTML, like Gecko) Chrome/90.0.4430.93 Safari/537.36"
